<?xml version="1.0" encoding="UTF-8"?>
<GMA3 DataVersion="2.0.2.0">
    <UserPlugin Name="Test Plugin" Guid="C3 13 5E E5 B6 B5 10 02 15 9F 34 2F 14 B7 E5 8B" Version="1.0.0">
        <ComponentLua Guid="C3 13 5E E5 81 D3 10 02 EB 89 05 59 8F 53 BF 8B">
            <FileContent Size="2">
                <Block Base64="bG9jYWwgZnVuY3Rpb24gbWFpbigpCgktLSBjcmVhdGUgaW5wdXRzOgoJbG9jYWwgc3RhdGVzID0gewoJCXtuYW1lID0gIlN0YXRlIEEiLCBzdGF0ZSA9IHRydWUsIGdyb3VwID0gMX0sCgkJe25hbWUgPSAiU3RhdGUgQiIsIHN0YXRlID0gZmFsc2UsIGdyb3VwID0gMX0sCgkJe25hbWUgPSAiU3RhdGUgQyIsIHN0YXRlID0gdHJ1ZSwgZ3JvdXAgPSAyfSwKCQl7bmFtZSA9ICJTdGF0ZSBEIiwgc3RhdGUgPSBmYWxzZSwgZ3JvdXAgPSAyfQoJfQoJbG9jYWwgaW5wdXRzID0gewoJCXtuYW1lID0gIk51bWJlcnMgT25seSIsIHZhbHVlID0gIjEyMzQiLCB3aGl0ZUZpbHRlciA9ICIwMTIzNDU2Nzg5In0sCgkJe25hbWUgPSAiVGV4dCBPbmx5IiwgdmFsdWUgPSAiVGV4dE9ubHkiLCBibGFja0ZpbHRlciA9ICIwMTIzNDU2Nzg5In0sCgkJe25hbWUgPSAiTWF4aW11bSAxMCBjaGFyYWN0ZXJzIiwgdmFsdWUgPSAiYWJjZGVmIiwgbWF4VGV4dExlbmd0aCA9IDEwfQoJfQoJbG9jYWwgc2VsZWN0b3JzID0gewoJCXsgbmFtZT0iU3dpcGUgU2VsZWN0b3IiLCBzZWxlY3RlZFZhbHVlPTIsIHZhbHVlcz17WyJUZXN0Il09MSxbIlRlc3QyIl09Mn0sIHR5cGU9MH0sCgkJeyBuYW1lPSJSYWRpbyBTZWxlY3RvciIsIHNlbGVjdGVkVmFsdWU9MiwgdmFsdWVzPXtbIlRlc3QiXT0xLFsiVGVzdDIiXT0yfSwgdHlwZT0xfQoJfQoKCS0tIG9wZW4gbWVzc2FnZWJveDoKCWxvY2FsIHJlc3VsdFRhYmxlID0KCQlNZXNzYWdlQm94KAoJCXsKCQkJdGl0bGUgPSAiTWVzc2FnZWJveCBleGFtcGxlIiwKCQkJbWVzc2FnZSA9ICJUaGlzIGlzIGEgbWVzc2FnZSIsCgkJCW1lc3NhZ2VfYWxpZ25faCA9IEVudW1zLkFsaWdubWVudEguTGVmdCwKCQkJbWVzc2FnZV9hbGlnbl92ID0gRW51bXMuQWxpZ25tZW50Vi5Ub3AsCgkJCWNvbW1hbmRzID0ge3t2YWx1ZSA9IDEsIG5hbWUgPSAiT2sifSwge3ZhbHVlID0gMCwgbmFtZSA9ICJDYW5jZWwifX0sCgkJCXN0YXRlcyA9IHN0YXRlcywKCQkJaW5wdXRzID0gaW5wdXRzLAoJCQlzZWxlY3RvcnMgPQ=="/>
                <Block Base64="IHNlbGVjdG9ycywKCQkJYmFja0NvbG9yID0gIkdsb2JhbC5EZWZhdWx0IiwKCQkJLS0gdGltZW91dCA9IDEwMDAwLCAtLW1pbGxpc2Vjb25kcwoJCQktLSB0aW1lb3V0UmVzdWx0Q2FuY2VsID0gZmFsc2UsCgkJCWljb24gPSAibG9nb19zbWFsbCIsCgkJCXRpdGxlVGV4dENvbG9yID0gIkdsb2JhbC5BbGVydFRleHQiLAoJCQltZXNzYWdlVGV4dENvbG9yID0gIkdsb2JhbC5UZXh0IgoJCX0KCSkKCgktLSBwcmludCByZXN1bHRzOgoJUHJpbnRmKCJTdWNjZXNzID0gIi4udG9zdHJpbmcocmVzdWx0VGFibGUuc3VjY2VzcykpCglQcmludGYoIlJlc3VsdCA9ICIuLnJlc3VsdFRhYmxlLnJlc3VsdCkKCWZvciBrLHYgaW4gcGFpcnMocmVzdWx0VGFibGUuaW5wdXRzKSBkbwoJCVByaW50ZigiSW5wdXQgJyVzJyA9ICclcyciLGssdikKCWVuZAoJZm9yIGssdiBpbiBwYWlycyhyZXN1bHRUYWJsZS5zdGF0ZXMpIGRvCgkJUHJpbnRmKCJTdGF0ZSAnJXMnID0gJyVzJyIsayx0b3N0cmluZyh2KSkKCWVuZAoJZm9yIGssdiBpbiBwYWlycyhyZXN1bHRUYWJsZS5zZWxlY3RvcnMpIGRvCgkJUHJpbnRmKCJTZWxlY3RvciAnJXMnID0gJyVkJyIsayx2KQoJZW5kCmVuZAoKcmV0dXJuIG1haW4K"/>
            </FileContent>
        </ComponentLua>
    </UserPlugin>
</GMA3>